This is pdfTeX, Version 3.14159265-2.6-1.40.19 (MiKTeX 2.9.6800 64-bit) (preloaded format=pdflatex 2018.10.2)  17 DEC 2018 23:08
entering extended mode
**./main.tex
(main.tex
LaTeX2e <2018-04-01> patch level 5
("C:\Users\marcu\AppData\Local\Programs\MiKTeX 2.9\tex\latex\base\article.cls"
Document Class: article 2014/09/29 v1.4h Standard LaTeX document class
("C:\Users\marcu\AppData\Local\Programs\MiKTeX 2.9\tex\latex\base\size10.clo"
File: size10.clo 2014/09/29 v1.4h Standard LaTeX file (size option)
)
\c@part=\count80
\c@section=\count81
\c@subsection=\count82
\c@subsubsection=\count83
\c@paragraph=\count84
\c@subparagraph=\count85
\c@figure=\count86
\c@table=\count87
\abovecaptionskip=\skip41
\belowcaptionskip=\skip42
\bibindent=\dimen102
)
("C:\Users\marcu\AppData\Local\Programs\MiKTeX 2.9\tex\latex\graphics\graphicx.
sty"
Package: graphicx 2017/06/01 v1.1a Enhanced LaTeX Graphics (DPC,SPQR)

("C:\Users\marcu\AppData\Local\Programs\MiKTeX 2.9\tex\latex\graphics\keyval.st
y"
Package: keyval 2014/10/28 v1.15 key=value parser (DPC)
\KV@toks@=\toks14
)
("C:\Users\marcu\AppData\Local\Programs\MiKTeX 2.9\tex\latex\graphics\graphics.
sty"
Package: graphics 2017/06/25 v1.2c Standard LaTeX Graphics (DPC,SPQR)

("C:\Users\marcu\AppData\Local\Programs\MiKTeX 2.9\tex\latex\graphics\trig.sty"
Package: trig 2016/01/03 v1.10 sin cos tan (DPC)
)
("C:\Users\marcu\AppData\Local\Programs\MiKTeX 2.9\tex\latex\graphics-cfg\graph
ics.cfg"
File: graphics.cfg 2016/06/04 v1.11 sample graphics configuration
)
Package graphics Info: Driver file: pdftex.def on input line 99.

("C:\Users\marcu\AppData\Local\Programs\MiKTeX 2.9\tex\latex\graphics-def\pdfte
x.def"
File: pdftex.def 2018/01/08 v1.0l Graphics/color driver for pdftex
))
\Gin@req@height=\dimen103
\Gin@req@width=\dimen104
)
("C:\Users\marcu\AppData\Local\Programs\MiKTeX 2.9\tex\generic\babel\babel.sty"
Package: babel 2018/06/05 3.22 The Babel package
("C:\Users\marcu\AppData\Local\Programs\MiKTeX 2.9\tex\generic\babel\switch.def
"
File: switch.def 2018/06/05 3.22 Babel switching mechanism
)
*************************************
* Local config file bblopts.cfg used
*
("C:\Users\marcu\AppData\Local\Programs\MiKTeX 2.9\tex\latex\arabi\bblopts.cfg"
File: bblopts.cfg 2005/09/08 v0.1 add Arabic and Farsi to "declared" options of
 babel
)
("C:\Users\marcu\AppData\Local\Programs\MiKTeX 2.9\tex\latex\babel-english\engl
ish.ldf"
Language: english 2017/06/06 v3.3r English support from the babel system

("C:\Users\marcu\AppData\Local\Programs\MiKTeX 2.9\tex\generic\babel\babel.def"
File: babel.def 2018/06/05 3.22 Babel common definitions
\babel@savecnt=\count88
\U@D=\dimen105

("C:\Users\marcu\AppData\Local\Programs\MiKTeX 2.9\tex\generic\babel\txtbabel.d
ef")
\bbl@dirlevel=\count89
)
\l@canadian = a dialect from \language\l@american 
\l@australian = a dialect from \language\l@british 
\l@newzealand = a dialect from \language\l@british 
))
("C:\Users\marcu\AppData\Local\Programs\MiKTeX 2.9\tex\latex\subfig\subfig.sty"
Package: subfig 2005/06/28 ver: 1.3 subfig package

("C:\Users\marcu\AppData\Local\Programs\MiKTeX 2.9\tex\latex\caption\caption.st
y"
Package: caption 2018/05/01 v3.3-147 Customizing captions (AR)

("C:\Users\marcu\AppData\Local\Programs\MiKTeX 2.9\tex\latex\caption\caption3.s
ty"
Package: caption3 2018/05/27 v1.8a caption3 kernel (AR)
Package caption3 Info: TeX engine: e-TeX on input line 64.
\captionmargin=\dimen106
\captionmargin@=\dimen107
\captionwidth=\dimen108
\caption@tempdima=\dimen109
\caption@indent=\dimen110
\caption@parindent=\dimen111
\caption@hangindent=\dimen112
)
\c@ContinuedFloat=\count90
)
\c@KVtest=\count91
\sf@farskip=\skip43
\sf@captopadj=\dimen113
\sf@capskip=\skip44
\sf@nearskip=\skip45
\c@subfigure=\count92
\c@subfigure@save=\count93
\c@lofdepth=\count94
\c@subtable=\count95
\c@subtable@save=\count96
\c@lotdepth=\count97
\sf@top=\skip46
\sf@bottom=\skip47
)
("C:\Users\marcu\AppData\Local\Programs\MiKTeX 2.9\tex\latex\placeins\placeins.
sty"
Package: placeins 2005/04/18  v 2.2
)
("C:\Users\marcu\AppData\Local\Programs\MiKTeX 2.9\tex\latex\amsmath\amsmath.st
y"
Package: amsmath 2017/09/02 v2.17a AMS math features
\@mathmargin=\skip48

For additional information on amsmath, use the `?' option.

("C:\Users\marcu\AppData\Local\Programs\MiKTeX 2.9\tex\latex\amsmath\amstext.st
y"
Package: amstext 2000/06/29 v2.01 AMS text

("C:\Users\marcu\AppData\Local\Programs\MiKTeX 2.9\tex\latex\amsmath\amsgen.sty
"
File: amsgen.sty 1999/11/30 v2.0 generic functions
\@emptytoks=\toks15
\ex@=\dimen114
))
("C:\Users\marcu\AppData\Local\Programs\MiKTeX 2.9\tex\latex\amsmath\amsbsy.sty
"
Package: amsbsy 1999/11/29 v1.2d Bold Symbols
\pmbraise@=\dimen115
)
("C:\Users\marcu\AppData\Local\Programs\MiKTeX 2.9\tex\latex\amsmath\amsopn.sty
"
Package: amsopn 2016/03/08 v2.02 operator names
)
\inf@bad=\count98
LaTeX Info: Redefining \frac on input line 213.
\uproot@=\count99
\leftroot@=\count100
LaTeX Info: Redefining \overline on input line 375.
\classnum@=\count101
\DOTSCASE@=\count102
LaTeX Info: Redefining \ldots on input line 472.
LaTeX Info: Redefining \dots on input line 475.
LaTeX Info: Redefining \cdots on input line 596.
\Mathstrutbox@=\box26
\strutbox@=\box27
\big@size=\dimen116
LaTeX Font Info:    Redeclaring font encoding OML on input line 712.
LaTeX Font Info:    Redeclaring font encoding OMS on input line 713.
\macc@depth=\count103
\c@MaxMatrixCols=\count104
\dotsspace@=\muskip10
\c@parentequation=\count105
\dspbrk@lvl=\count106
\tag@help=\toks16
\row@=\count107
\column@=\count108
\maxfields@=\count109
\andhelp@=\toks17
\eqnshift@=\dimen117
\alignsep@=\dimen118
\tagshift@=\dimen119
\tagwidth@=\dimen120
\totwidth@=\dimen121
\lineht@=\dimen122
\@envbody=\toks18
\multlinegap=\skip49
\multlinetaggap=\skip50
\mathdisplay@stack=\toks19
LaTeX Info: Redefining \[ on input line 2817.
LaTeX Info: Redefining \] on input line 2818.
) ("C:\Users\marcu\AppData\Local\Programs\MiKTeX 2.9\tex\latex\url\url.sty"
\Urlmuskip=\muskip11
Package: url 2013/09/16  ver 3.4  Verb mode for urls, etc.
)
("C:\Users\marcu\AppData\Local\Programs\MiKTeX 2.9\tex\latex\float\float.sty"
Package: float 2001/11/08 v1.3d Float enhancements (AL)
\c@float@type=\count110
\float@exts=\toks20
\float@box=\box28
\@float@everytoks=\toks21
\@floatcapt=\box29
)
("C:\Users\marcu\AppData\Local\Programs\MiKTeX 2.9\tex\latex\base\textcomp.sty"
Package: textcomp 2017/04/05 v2.0i Standard LaTeX package
Package textcomp Info: Sub-encoding information:
(textcomp)               5 = only ISO-Adobe without \textcurrency
(textcomp)               4 = 5 + \texteuro
(textcomp)               3 = 4 + \textohm
(textcomp)               2 = 3 + \textestimated + \textcurrency
(textcomp)               1 = TS1 - \textcircled - \t
(textcomp)               0 = TS1 (full)
(textcomp)             Font families with sub-encoding setting implement
(textcomp)             only a restricted character set as indicated.
(textcomp)             Family '?' is the default used for unknown fonts.
(textcomp)             See the documentation for details.
Package textcomp Info: Setting ? sub-encoding to TS1/1 on input line 79.
("C:\Users\marcu\AppData\Local\Programs\MiKTeX 2.9\tex\latex\base\ts1enc.def"
File: ts1enc.def 2001/06/05 v3.0e (jk/car/fm) Standard LaTeX file
Now handling font encoding TS1 ...
... processing UTF-8 mapping file for font encoding TS1

("C:\Users\marcu\AppData\Local\Programs\MiKTeX 2.9\tex\latex\base\ts1enc.dfu"
File: ts1enc.dfu 2018/04/05 v1.2c UTF-8 support for inputenc
   defining Unicode char U+00A2 (decimal 162)
   defining Unicode char U+00A3 (decimal 163)
   defining Unicode char U+00A4 (decimal 164)
   defining Unicode char U+00A5 (decimal 165)
   defining Unicode char U+00A6 (decimal 166)
   defining Unicode char U+00A7 (decimal 167)
   defining Unicode char U+00A8 (decimal 168)
   defining Unicode char U+00A9 (decimal 169)
   defining Unicode char U+00AA (decimal 170)
   defining Unicode char U+00AC (decimal 172)
   defining Unicode char U+00AE (decimal 174)
   defining Unicode char U+00AF (decimal 175)
   defining Unicode char U+00B0 (decimal 176)
   defining Unicode char U+00B1 (decimal 177)
   defining Unicode char U+00B2 (decimal 178)
   defining Unicode char U+00B3 (decimal 179)
   defining Unicode char U+00B4 (decimal 180)
   defining Unicode char U+00B5 (decimal 181)
   defining Unicode char U+00B6 (decimal 182)
   defining Unicode char U+00B7 (decimal 183)
   defining Unicode char U+00B9 (decimal 185)
   defining Unicode char U+00BA (decimal 186)
   defining Unicode char U+00BC (decimal 188)
   defining Unicode char U+00BD (decimal 189)
   defining Unicode char U+00BE (decimal 190)
   defining Unicode char U+00D7 (decimal 215)
   defining Unicode char U+00F7 (decimal 247)
   defining Unicode char U+0192 (decimal 402)
   defining Unicode char U+02C7 (decimal 711)
   defining Unicode char U+02D8 (decimal 728)
   defining Unicode char U+02DD (decimal 733)
   defining Unicode char U+0E3F (decimal 3647)
   defining Unicode char U+2016 (decimal 8214)
   defining Unicode char U+2020 (decimal 8224)
   defining Unicode char U+2021 (decimal 8225)
   defining Unicode char U+2022 (decimal 8226)
   defining Unicode char U+2030 (decimal 8240)
   defining Unicode char U+2031 (decimal 8241)
   defining Unicode char U+203B (decimal 8251)
   defining Unicode char U+203D (decimal 8253)
   defining Unicode char U+2044 (decimal 8260)
   defining Unicode char U+204E (decimal 8270)
   defining Unicode char U+2052 (decimal 8274)
   defining Unicode char U+20A1 (decimal 8353)
   defining Unicode char U+20A4 (decimal 8356)
   defining Unicode char U+20A6 (decimal 8358)
   defining Unicode char U+20A9 (decimal 8361)
   defining Unicode char U+20AB (decimal 8363)
   defining Unicode char U+20AC (decimal 8364)
   defining Unicode char U+20B1 (decimal 8369)
   defining Unicode char U+2103 (decimal 8451)
   defining Unicode char U+2116 (decimal 8470)
   defining Unicode char U+2117 (decimal 8471)
   defining Unicode char U+211E (decimal 8478)
   defining Unicode char U+2120 (decimal 8480)
   defining Unicode char U+2122 (decimal 8482)
   defining Unicode char U+2126 (decimal 8486)
   defining Unicode char U+2127 (decimal 8487)
   defining Unicode char U+212E (decimal 8494)
   defining Unicode char U+2190 (decimal 8592)
   defining Unicode char U+2191 (decimal 8593)
   defining Unicode char U+2192 (decimal 8594)
   defining Unicode char U+2193 (decimal 8595)
   defining Unicode char U+2329 (decimal 9001)
   defining Unicode char U+232A (decimal 9002)
   defining Unicode char U+2422 (decimal 9250)
   defining Unicode char U+25E6 (decimal 9702)
   defining Unicode char U+25EF (decimal 9711)
   defining Unicode char U+266A (decimal 9834)
   defining Unicode char U+FEFF (decimal 65279)
))
LaTeX Info: Redefining \oldstylenums on input line 334.
Package textcomp Info: Setting cmr sub-encoding to TS1/0 on input line 349.
Package textcomp Info: Setting cmss sub-encoding to TS1/0 on input line 350.
Package textcomp Info: Setting cmtt sub-encoding to TS1/0 on input line 351.
Package textcomp Info: Setting cmvtt sub-encoding to TS1/0 on input line 352.
Package textcomp Info: Setting cmbr sub-encoding to TS1/0 on input line 353.
Package textcomp Info: Setting cmtl sub-encoding to TS1/0 on input line 354.
Package textcomp Info: Setting ccr sub-encoding to TS1/0 on input line 355.
Package textcomp Info: Setting ptm sub-encoding to TS1/4 on input line 356.
Package textcomp Info: Setting pcr sub-encoding to TS1/4 on input line 357.
Package textcomp Info: Setting phv sub-encoding to TS1/4 on input line 358.
Package textcomp Info: Setting ppl sub-encoding to TS1/3 on input line 359.
Package textcomp Info: Setting pag sub-encoding to TS1/4 on input line 360.
Package textcomp Info: Setting pbk sub-encoding to TS1/4 on input line 361.
Package textcomp Info: Setting pnc sub-encoding to TS1/4 on input line 362.
Package textcomp Info: Setting pzc sub-encoding to TS1/4 on input line 363.
Package textcomp Info: Setting bch sub-encoding to TS1/4 on input line 364.
Package textcomp Info: Setting put sub-encoding to TS1/5 on input line 365.
Package textcomp Info: Setting uag sub-encoding to TS1/5 on input line 366.
Package textcomp Info: Setting ugq sub-encoding to TS1/5 on input line 367.
Package textcomp Info: Setting ul8 sub-encoding to TS1/4 on input line 368.
Package textcomp Info: Setting ul9 sub-encoding to TS1/4 on input line 369.
Package textcomp Info: Setting augie sub-encoding to TS1/5 on input line 370.
Package textcomp Info: Setting dayrom sub-encoding to TS1/3 on input line 371.
Package textcomp Info: Setting dayroms sub-encoding to TS1/3 on input line 372.

Package textcomp Info: Setting pxr sub-encoding to TS1/0 on input line 373.
Package textcomp Info: Setting pxss sub-encoding to TS1/0 on input line 374.
Package textcomp Info: Setting pxtt sub-encoding to TS1/0 on input line 375.
Package textcomp Info: Setting txr sub-encoding to TS1/0 on input line 376.
Package textcomp Info: Setting txss sub-encoding to TS1/0 on input line 377.
Package textcomp Info: Setting txtt sub-encoding to TS1/0 on input line 378.
Package textcomp Info: Setting lmr sub-encoding to TS1/0 on input line 379.
Package textcomp Info: Setting lmdh sub-encoding to TS1/0 on input line 380.
Package textcomp Info: Setting lmss sub-encoding to TS1/0 on input line 381.
Package textcomp Info: Setting lmssq sub-encoding to TS1/0 on input line 382.
Package textcomp Info: Setting lmvtt sub-encoding to TS1/0 on input line 383.
Package textcomp Info: Setting lmtt sub-encoding to TS1/0 on input line 384.
Package textcomp Info: Setting qhv sub-encoding to TS1/0 on input line 385.
Package textcomp Info: Setting qag sub-encoding to TS1/0 on input line 386.
Package textcomp Info: Setting qbk sub-encoding to TS1/0 on input line 387.
Package textcomp Info: Setting qcr sub-encoding to TS1/0 on input line 388.
Package textcomp Info: Setting qcs sub-encoding to TS1/0 on input line 389.
Package textcomp Info: Setting qpl sub-encoding to TS1/0 on input line 390.
Package textcomp Info: Setting qtm sub-encoding to TS1/0 on input line 391.
Package textcomp Info: Setting qzc sub-encoding to TS1/0 on input line 392.
Package textcomp Info: Setting qhvc sub-encoding to TS1/0 on input line 393.
Package textcomp Info: Setting futs sub-encoding to TS1/4 on input line 394.
Package textcomp Info: Setting futx sub-encoding to TS1/4 on input line 395.
Package textcomp Info: Setting futj sub-encoding to TS1/4 on input line 396.
Package textcomp Info: Setting hlh sub-encoding to TS1/3 on input line 397.
Package textcomp Info: Setting hls sub-encoding to TS1/3 on input line 398.
Package textcomp Info: Setting hlst sub-encoding to TS1/3 on input line 399.
Package textcomp Info: Setting hlct sub-encoding to TS1/5 on input line 400.
Package textcomp Info: Setting hlx sub-encoding to TS1/5 on input line 401.
Package textcomp Info: Setting hlce sub-encoding to TS1/5 on input line 402.
Package textcomp Info: Setting hlcn sub-encoding to TS1/5 on input line 403.
Package textcomp Info: Setting hlcw sub-encoding to TS1/5 on input line 404.
Package textcomp Info: Setting hlcf sub-encoding to TS1/5 on input line 405.
Package textcomp Info: Setting pplx sub-encoding to TS1/3 on input line 406.
Package textcomp Info: Setting pplj sub-encoding to TS1/3 on input line 407.
Package textcomp Info: Setting ptmx sub-encoding to TS1/4 on input line 408.
Package textcomp Info: Setting ptmj sub-encoding to TS1/4 on input line 409.
) (main.aux

LaTeX Warning: Label `fig:f4' multiply defined.


LaTeX Warning: Label `sub@fig:f4' multiply defined.


LaTeX Warning: Label `fig:f3' multiply defined.


LaTeX Warning: Label `sub@fig:f3' multiply defined.


LaTeX Warning: Label `fig:f4' multiply defined.


LaTeX Warning: Label `sub@fig:f4' multiply defined.


LaTeX Warning: Label `fig:f4' multiply defined.


LaTeX Warning: Label `sub@fig:f4' multiply defined.


LaTeX Warning: Label `fig:f3' multiply defined.


LaTeX Warning: Label `sub@fig:f3' multiply defined.


LaTeX Warning: Label `fig:f4' multiply defined.


LaTeX Warning: Label `sub@fig:f4' multiply defined.


LaTeX Warning: Label `fig:f4' multiply defined.


LaTeX Warning: Label `sub@fig:f4' multiply defined.


LaTeX Warning: Label `fig:f3' multiply defined.


LaTeX Warning: Label `sub@fig:f3' multiply defined.


LaTeX Warning: Label `fig:f4' multiply defined.


LaTeX Warning: Label `sub@fig:f4' multiply defined.


LaTeX Warning: Label `fig:f4' multiply defined.


LaTeX Warning: Label `sub@fig:f4' multiply defined.


LaTeX Warning: Label `fig:f3' multiply defined.


LaTeX Warning: Label `sub@fig:f3' multiply defined.


LaTeX Warning: Label `fig:f4' multiply defined.


LaTeX Warning: Label `sub@fig:f4' multiply defined.


LaTeX Warning: Label `fig:f3' multiply defined.


LaTeX Warning: Label `sub@fig:f3' multiply defined.


LaTeX Warning: Label `fig:f4' multiply defined.


LaTeX Warning: Label `sub@fig:f4' multiply defined.


LaTeX Warning: Label `fig:f3' multiply defined.


LaTeX Warning: Label `sub@fig:f3' multiply defined.


LaTeX Warning: Label `fig:f4' multiply defined.


LaTeX Warning: Label `sub@fig:f4' multiply defined.


LaTeX Warning: Label `fig:f3' multiply defined.


LaTeX Warning: Label `sub@fig:f3' multiply defined.


LaTeX Warning: Label `fig:f4' multiply defined.


LaTeX Warning: Label `sub@fig:f4' multiply defined.


LaTeX Warning: Label `fig:f3' multiply defined.


LaTeX Warning: Label `fig:f3' multiply defined.


LaTeX Warning: Label `fig:f3' multiply defined.


LaTeX Warning: Label `fig:f3' multiply defined.


LaTeX Warning: Label `fig:f3' multiply defined.


LaTeX Warning: Label `fig:f3' multiply defined.

)
\openout1 = `main.aux'.

LaTeX Font Info:    Checking defaults for OML/cmm/m/it on input line 14.
LaTeX Font Info:    ... okay on input line 14.
LaTeX Font Info:    Checking defaults for T1/cmr/m/n on input line 14.
LaTeX Font Info:    ... okay on input line 14.
LaTeX Font Info:    Checking defaults for OT1/cmr/m/n on input line 14.
LaTeX Font Info:    ... okay on input line 14.
LaTeX Font Info:    Checking defaults for OMS/cmsy/m/n on input line 14.
LaTeX Font Info:    ... okay on input line 14.
LaTeX Font Info:    Checking defaults for OMX/cmex/m/n on input line 14.
LaTeX Font Info:    ... okay on input line 14.
LaTeX Font Info:    Checking defaults for U/cmr/m/n on input line 14.
LaTeX Font Info:    ... okay on input line 14.
LaTeX Font Info:    Checking defaults for TS1/cmr/m/n on input line 14.
LaTeX Font Info:    Try loading font information for TS1+cmr on input line 14.
 ("C:\Users\marcu\AppData\Local\Programs\MiKTeX 2.9\tex\latex\base\ts1cmr.fd"
File: ts1cmr.fd 2014/09/29 v2.5h Standard LaTeX font definitions
)
LaTeX Font Info:    ... okay on input line 14.

("C:\Users\marcu\AppData\Local\Programs\MiKTeX 2.9\tex\context\base\supp-pdf.mk
ii"
[Loading MPS to PDF converter (version 2006.09.02).]
\scratchcounter=\count111
\scratchdimen=\dimen123
\scratchbox=\box30
\nofMPsegments=\count112
\nofMParguments=\count113
\everyMPshowfont=\toks22
\MPscratchCnt=\count114
\MPscratchDim=\dimen124
\MPnumerator=\count115
\makeMPintoPDFobject=\count116
\everyMPtoPDFconversion=\toks23
)
("C:\Users\marcu\AppData\Local\Programs\MiKTeX 2.9\tex\latex\oberdiek\epstopdf-
base.sty"
Package: epstopdf-base 2016/05/15 v2.6 Base part for package epstopdf

("C:\Users\marcu\AppData\Local\Programs\MiKTeX 2.9\tex\generic\oberdiek\infware
rr.sty"
Package: infwarerr 2016/05/16 v1.4 Providing info/warning/error messages (HO)
)
("C:\Users\marcu\AppData\Local\Programs\MiKTeX 2.9\tex\latex\oberdiek\grfext.st
y"
Package: grfext 2016/05/16 v1.2 Manage graphics extensions (HO)

("C:\Users\marcu\AppData\Local\Programs\MiKTeX 2.9\tex\generic\oberdiek\kvdefin
ekeys.sty"
Package: kvdefinekeys 2016/05/16 v1.4 Define keys (HO)

("C:\Users\marcu\AppData\Local\Programs\MiKTeX 2.9\tex\generic\oberdiek\ltxcmds
.sty"
Package: ltxcmds 2016/05/16 v1.23 LaTeX kernel commands for general use (HO)
)))
("C:\Users\marcu\AppData\Local\Programs\MiKTeX 2.9\tex\latex\oberdiek\kvoptions
.sty"
Package: kvoptions 2016/05/16 v3.12 Key value format for package options (HO)

("C:\Users\marcu\AppData\Local\Programs\MiKTeX 2.9\tex\generic\oberdiek\kvsetke
ys.sty"
Package: kvsetkeys 2016/05/16 v1.17 Key value parser (HO)

("C:\Users\marcu\AppData\Local\Programs\MiKTeX 2.9\tex\generic\oberdiek\etexcmd
s.sty"
Package: etexcmds 2016/05/16 v1.6 Avoid name clashes with e-TeX commands (HO)

("C:\Users\marcu\AppData\Local\Programs\MiKTeX 2.9\tex\generic\oberdiek\ifluate
x.sty"
Package: ifluatex 2016/05/16 v1.4 Provides the ifluatex switch (HO)
Package ifluatex Info: LuaTeX not detected.
)
Package etexcmds Info: Could not find \expanded.
(etexcmds)             That can mean that you are not using pdfTeX 1.50 or
(etexcmds)             that some package has redefined \expanded.
(etexcmds)             In the latter case, load this package earlier.
)))
("C:\Users\marcu\AppData\Local\Programs\MiKTeX 2.9\tex\generic\oberdiek\pdftexc
mds.sty"
Package: pdftexcmds 2018/01/30 v0.27 Utility functions of pdfTeX for LuaTeX (HO
)

("C:\Users\marcu\AppData\Local\Programs\MiKTeX 2.9\tex\generic\oberdiek\ifpdf.s
ty"
Package: ifpdf 2017/03/15 v3.2 Provides the ifpdf switch
)
Package pdftexcmds Info: LuaTeX not detected.
Package pdftexcmds Info: \pdf@primitive is available.
Package pdftexcmds Info: \pdf@ifprimitive is available.
Package pdftexcmds Info: \pdfdraftmode found.
)
Package epstopdf-base Info: Redefining graphics rule for `.eps' on input line 4
38.
Package grfext Info: Graphics extension search list:
(grfext)             [.pdf,.png,.jpg,.mps,.jpeg,.jbig2,.jb2,.PDF,.PNG,.JPG,.JPE
G,.JBIG2,.JB2,.eps]
(grfext)             \AppendGraphicsExtensions on input line 456.
)
Package caption Info: Begin \AtBeginDocument code.
Package caption Info: subfig package v1.3 is loaded.
Package caption Info: float package is loaded.
Package caption Info: End \AtBeginDocument code.
 (abstract_1.tex
Underfull \hbox (badness 10000) in paragraph at lines 4--6

 []


Underfull \hbox (badness 10000) in paragraph at lines 7--9

 []

) [1

{C:/Users/marcu/AppData/Local/MiKTeX/2.9/pdftex/config/pdftex.map}]
(main.toc)
\tf@toc=\write3
\openout3 = `main.toc'.

 (introduction.tex
Underfull \hbox (badness 10000) in paragraph at lines 2--4

 []


Underfull \hbox (badness 10000) in paragraph at lines 5--7

 []

[2]
<pictures/Bias_variance.png, id=13, 453.19313pt x 171.64125pt>
File: pictures/Bias_variance.png Graphic file (type png)
<use pictures/Bias_variance.png>
Package pdftex.def Info: pictures/Bias_variance.png  used on input line 12.
(pdftex.def)             Requested size: 271.91797pt x 102.98552pt.
) (theory.tex
Overfull \hbox (5.51445pt too wide) in paragraph at lines 3--5
\OT1/cmr/m/n/10 The pres-i-den-tial elec-tion data used in this project was dow
n-loaded from GeoDa[2].
 []


Underfull \hbox (badness 10000) in paragraph at lines 3--5

 []


Underfull \hbox (badness 10000) in paragraph at lines 6--8

 []


Underfull \hbox (badness 10000) in paragraph at lines 9--11

 []

[3 <./pictures/Bias_variance.png>]
Underfull \hbox (badness 10000) in paragraph at lines 13--15

 []

<pictures/Cross_validation.png, id=21, 1003.75pt x 303.1325pt>
File: pictures/Cross_validation.png Graphic file (type png)
<use pictures/Cross_validation.png>
Package pdftex.def Info: pictures/Cross_validation.png  used on input line 19.
(pdftex.def)             Requested size: 301.12732pt x 90.94044pt.

Underfull \hbox (badness 10000) in paragraph at lines 25--27

 []

<pictures/LogReg.jpg, id=22, 666.0885pt x 570.933pt>
File: pictures/LogReg.jpg Graphic file (type jpg)
<use pictures/LogReg.jpg>
Package pdftex.def Info: pictures/LogReg.jpg  used on input line 31.
(pdftex.def)             Requested size: 133.21533pt x 114.18457pt.
[4 <./pictures/Cross_validation.png> <./pictures/LogReg.jpg>]
Underfull \hbox (badness 10000) in paragraph at lines 44--46

 []


Underfull \hbox (badness 10000) in paragraph at lines 48--50

 []


Underfull \hbox (badness 10000) in paragraph at lines 56--58

 []


Underfull \hbox (badness 10000) in paragraph at lines 64--66

 []


Underfull \hbox (badness 10000) in paragraph at lines 70--72

 []


Underfull \hbox (badness 10000) in paragraph at lines 74--78

 []


Underfull \hbox (badness 10000) in paragraph at lines 83--86

 []

[5]
Underfull \hbox (badness 10000) in paragraph at lines 91--94

 []


Underfull \hbox (badness 10000) in paragraph at lines 99--102

 []


Underfull \hbox (badness 10000) in paragraph at lines 104--107

 []

<pictures/NN_schematic.png, id=33, 643.6547pt x 425.33907pt>
File: pictures/NN_schematic.png Graphic file (type png)
<use pictures/NN_schematic.png>
Package pdftex.def Info: pictures/NN_schematic.png  used on input line 111.
(pdftex.def)             Requested size: 257.4573pt x 170.1326pt.
[6]
Underfull \hbox (badness 10000) in paragraph at lines 114--116

 []


Underfull \hbox (badness 10000) in paragraph at lines 117--119

 []


Underfull \hbox (badness 10000) in paragraph at lines 120--122

 []


Underfull \hbox (badness 10000) in paragraph at lines 128--130

 []


Underfull \hbox (badness 10000) in paragraph at lines 138--139

 []


Underfull \hbox (badness 10000) in paragraph at lines 140--142

 []

[7 <./pictures/NN_schematic.png>]
Underfull \hbox (badness 10000) in paragraph at lines 160--163

 []


Underfull \hbox (badness 10000) in paragraph at lines 165--167

 []


Underfull \hbox (badness 10000) in paragraph at lines 168--171

 []


Underfull \hbox (badness 10000) in paragraph at lines 172--175

 []


Underfull \hbox (badness 10000) in paragraph at lines 176--179

 []

[8]
Underfull \hbox (badness 10000) in paragraph at lines 180--183

 []


Underfull \hbox (badness 10000) in paragraph at lines 184--187

 []


Underfull \hbox (badness 10000) in paragraph at lines 188--191

 []


Underfull \hbox (badness 10000) in paragraph at lines 209--211

 []

[9]
<pictures/svm_hyper.jpg, id=50, 501.875pt x 367.3725pt>
File: pictures/svm_hyper.jpg Graphic file (type jpg)
<use pictures/svm_hyper.jpg>
Package pdftex.def Info: pictures/svm_hyper.jpg  used on input line 214.
(pdftex.def)             Requested size: 200.74643pt x 146.94638pt.
<pictures/hinge.png, id=51, 138.5175pt x 100.9371pt>
File: pictures/hinge.png Graphic file (type png)
<use pictures/hinge.png>
Package pdftex.def Info: pictures/hinge.png  used on input line 241.
(pdftex.def)             Requested size: 166.22015pt x 121.1239pt.
 [10 <./pictures/svm_hyper.jpg>]
<pictures/kernel.png, id=56, 630.85687pt x 251.43938pt>
File: pictures/kernel.png Graphic file (type png)
<use pictures/kernel.png>
Package pdftex.def Info: pictures/kernel.png  used on input line 258.
(pdftex.def)             Requested size: 252.33827pt x 100.57396pt.
 [11 <./pictures/hinge.png> <./pictures/kernel.png>]
Underfull \hbox (badness 10000) in paragraph at lines 273--276

 []


Underfull \hbox (badness 10000) in paragraph at lines 293--296

 []


Underfull \hbox (badness 10000) in paragraph at lines 297--300

 []


Underfull \hbox (badness 10000) in paragraph at lines 301--304

 []

) [12] (code.tex
Underfull \hbox (badness 10000) in paragraph at lines 2--4

 []

) [13] (Results.tex
Underfull \hbox (badness 10000) in paragraph at lines 4--6

 []

<pictures/results/Log_Reg_Train_2012.png, id=71, 649.42625pt x 279.0425pt>
File: pictures/results/Log_Reg_Train_2012.png Graphic file (type png)
<use pictures/results/Log_Reg_Train_2012.png>
Package pdftex.def Info: pictures/results/Log_Reg_Train_2012.png  used on input
 line 10.
(pdftex.def)             Requested size: 241.49895pt x 103.76355pt.
<pictures/results/Log_Reg_Test_2012.png, id=72, 620.3175pt x 279.0425pt>
File: pictures/results/Log_Reg_Test_2012.png Graphic file (type png)
<use pictures/results/Log_Reg_Test_2012.png>
Package pdftex.def Info: pictures/results/Log_Reg_Test_2012.png  used on input 
line 12.
(pdftex.def)             Requested size: 241.49895pt x 108.63452pt.
<pictures/results/Log_Reg_Test_2016.png, id=73, 679.53876pt x 279.0425pt>
File: pictures/results/Log_Reg_Test_2016.png Graphic file (type png)
<use pictures/results/Log_Reg_Test_2016.png>
Package pdftex.def Info: pictures/results/Log_Reg_Test_2016.png  used on input 
line 14.
(pdftex.def)             Requested size: 241.49895pt x 99.16508pt.
[14 <./pictures/results/Log_Reg_Train_2012.png> <./pictures/results/Log_Reg_Tes
t_2012.png> <./pictures/results/Log_Reg_Test_2016.png>]
Underfull \hbox (badness 10000) in paragraph at lines 19--21

 []

<pictures/results/Linear_SVM_Train_2012.png, id=81, 539.01375pt x 279.0425pt>
File: pictures/results/Linear_SVM_Train_2012.png Graphic file (type png)
<use pictures/results/Linear_SVM_Train_2012.png>
Package pdftex.def Info: pictures/results/Linear_SVM_Train_2012.png  used on in
put line 24.
(pdftex.def)             Requested size: 241.49895pt x 125.02295pt.
<pictures/results/Linear_SVM_Test_2012.png, id=82, 511.9125pt x 279.0425pt>
File: pictures/results/Linear_SVM_Test_2012.png Graphic file (type png)
<use pictures/results/Linear_SVM_Test_2012.png>
Package pdftex.def Info: pictures/results/Linear_SVM_Test_2012.png  used on inp
ut line 26.
(pdftex.def)             Requested size: 241.49895pt x 131.63963pt.
<pictures/results/Linear_SVM_Test_2016.png, id=83, 541.02126pt x 279.0425pt>
File: pictures/results/Linear_SVM_Test_2016.png Graphic file (type png)
<use pictures/results/Linear_SVM_Test_2016.png>
Package pdftex.def Info: pictures/results/Linear_SVM_Test_2016.png  used on inp
ut line 28.
(pdftex.def)             Requested size: 241.49895pt x 124.55885pt.
[15 <./pictures/results/Linear_SVM_Train_2012.png> <./pictures/results/Linear_S
VM_Test_2012.png> <./pictures/results/Linear_SVM_Test_2016.png>]
Underfull \hbox (badness 10000) in paragraph at lines 33--35

 []

<pictures/results/Kernel_SVM_Train_2012.png, id=90, 572.1375pt x 279.0425pt>
File: pictures/results/Kernel_SVM_Train_2012.png Graphic file (type png)
<use pictures/results/Kernel_SVM_Train_2012.png>
Package pdftex.def Info: pictures/results/Kernel_SVM_Train_2012.png  used on in
put line 38.
(pdftex.def)             Requested size: 241.49895pt x 117.78462pt.
<pictures/results/Kernel_SVM_Test_2012.png, id=91, 543.02875pt x 279.0425pt>
File: pictures/results/Kernel_SVM_Test_2012.png Graphic file (type png)
<use pictures/results/Kernel_SVM_Test_2012.png>
Package pdftex.def Info: pictures/results/Kernel_SVM_Test_2012.png  used on inp
ut line 40.
(pdftex.def)             Requested size: 241.49895pt x 124.099pt.
<pictures/results/Kernel_SVM_Test_2016.png, id=92, 542.025pt x 279.0425pt>
File: pictures/results/Kernel_SVM_Test_2016.png Graphic file (type png)
<use pictures/results/Kernel_SVM_Test_2016.png>
Package pdftex.def Info: pictures/results/Kernel_SVM_Test_2016.png  used on inp
ut line 42.
(pdftex.def)             Requested size: 241.49895pt x 124.32892pt.
[16 <./pictures/results/Kernel_SVM_Train_2012.png> <./pictures/results/Kernel_S
VM_Test_2012.png> <./pictures/results/Kernel_SVM_Test_2016.png>]
Underfull \hbox (badness 10000) in paragraph at lines 47--49

 []

<pictures/results/NN_Train_2012.png, id=99, 385.44pt x 283.0575pt>
File: pictures/results/NN_Train_2012.png Graphic file (type png)
<use pictures/results/NN_Train_2012.png>
Package pdftex.def Info: pictures/results/NN_Train_2012.png  used on input line
 52.
(pdftex.def)             Requested size: 172.5pt x 126.6793pt.
<pictures/results/NN_Test_2012.png, id=100, 385.44pt x 283.0575pt>
File: pictures/results/NN_Test_2012.png Graphic file (type png)
<use pictures/results/NN_Test_2012.png>
Package pdftex.def Info: pictures/results/NN_Test_2012.png  used on input line 
54.
(pdftex.def)             Requested size: 172.5pt x 126.6793pt.
<pictures/results/NN_Test_2016.png, id=101, 385.44pt x 283.0575pt>
File: pictures/results/NN_Test_2016.png Graphic file (type png)
<use pictures/results/NN_Test_2016.png>
Package pdftex.def Info: pictures/results/NN_Test_2016.png  used on input line 
56.
(pdftex.def)             Requested size: 172.5pt x 126.6793pt.
[17 <./pictures/results/NN_Train_2012.png> <./pictures/results/NN_Test_2012.png
> <./pictures/results/NN_Test_2016.png>]
<pictures/results/max_12.png, id=108, 932.88525pt x 764.8575pt>
File: pictures/results/max_12.png Graphic file (type png)
<use pictures/results/max_12.png>
Package pdftex.def Info: pictures/results/max_12.png  used on input line 65.
(pdftex.def)             Requested size: 186.57375pt x 152.96878pt.

Overfull \hbox (3.28206pt too wide) in paragraph at lines 68--69
[]\OT1/cmr/m/n/10 Graphics from test data against 2012. Cal-cu-lated with SVM f
or gamma=0.00778,
 []

<pictures/results/max_flipp.png, id=109, 932.88525pt x 767.86874pt>
File: pictures/results/max_flipp.png Graphic file (type png)
<use pictures/results/max_flipp.png>
Package pdftex.def Info: pictures/results/max_flipp.png  used on input line 72.

(pdftex.def)             Requested size: 186.57375pt x 153.57103pt.

Overfull \hbox (3.28206pt too wide) in paragraph at lines 75--76
[]\OT1/cmr/m/n/10 Graphics from test data against 2016. Cal-cu-lated with SVM f
or gamma=0.00334,
 []

<pictures/results/f1_score.png, id=110, 968.418pt x 799.788pt>
File: pictures/results/f1_score.png Graphic file (type png)
<use pictures/results/f1_score.png>
Package pdftex.def Info: pictures/results/f1_score.png  used on input line 79.
(pdftex.def)             Requested size: 193.68016pt x 159.95476pt.
[18 <./pictures/results/max_12.png> <./pictures/results/max_flipp.png>]
Overfull \hbox (3.28206pt too wide) in paragraph at lines 82--83
[]\OT1/cmr/m/n/10 Graphics from test data against 2016. Cal-cu-lated with SVM f
or gamma=0.00778,
 []

<pictures/results/dem_age.png, id=116, 387.849pt x 277.9986pt>
File: pictures/results/dem_age.png Graphic file (type png)
<use pictures/results/dem_age.png>
Package pdftex.def Info: pictures/results/dem_age.png  used on input line 86.
(pdftex.def)             Requested size: 172.5pt x 123.64323pt.
<pictures/results/dem_pop.png, id=117, 387.849pt x 277.9986pt>
File: pictures/results/dem_pop.png Graphic file (type png)
<use pictures/results/dem_pop.png>
Package pdftex.def Info: pictures/results/dem_pop.png  used on input line 88.
(pdftex.def)             Requested size: 172.5pt x 123.64323pt.
<pictures/results/dem_vs_females.png, id=118, 391.2216pt x 277.5168pt>
File: pictures/results/dem_vs_females.png Graphic file (type png)
<use pictures/results/dem_vs_females.png>
Package pdftex.def Info: pictures/results/dem_vs_females.png  used on input lin
e 96.
(pdftex.def)             Requested size: 172.5pt x 122.36183pt.
<pictures/results/dem_vs_white.png, id=119, 385.44pt x 277.5168pt>
File: pictures/results/dem_vs_white.png Graphic file (type png)
<use pictures/results/dem_vs_white.png>
Package pdftex.def Info: pictures/results/dem_vs_white.png  used on input line 
98.
(pdftex.def)             Requested size: 172.5pt x 124.19963pt.
[19 <./pictures/results/f1_score.png> <./pictures/results/dem_age.png> <./pictu
res/results/dem_pop.png>]) (discussion.tex
Underfull \hbox (badness 10000) in paragraph at lines 3--5

 []


Underfull \hbox (badness 10000) in paragraph at lines 6--8

 []


Underfull \hbox (badness 10000) in paragraph at lines 9--11

 []


Underfull \hbox (badness 10000) in paragraph at lines 12--14

 []

[20 <./pictures/results/dem_vs_females.png> <./pictures/results/dem_vs_white.pn
g>]
Underfull \hbox (badness 10000) in paragraph at lines 15--17

 []

) (conclusion.tex
Underfull \hbox (badness 10000) in paragraph at lines 3--5

 []


Underfull \hbox (badness 10000) in paragraph at lines 6--8

 []

) (appendix.tex [21]
Underfull \hbox (badness 10000) in paragraph at lines 3--22

 []


Underfull \hbox (badness 10000) in paragraph at lines 23--25

 []

<pictures/results/min_flipp.png, id=135, 373.1541pt x 306.4248pt>
File: pictures/results/min_flipp.png Graphic file (type png)
<use pictures/results/min_flipp.png>
Package pdftex.def Info: pictures/results/min_flipp.png  used on input line 29.

(pdftex.def)             Requested size: 172.5pt x 141.65378pt.
<pictures/results/max_16.png, id=136, 373.1541pt x 305.943pt>
File: pictures/results/max_16.png Graphic file (type png)
<use pictures/results/max_16.png>
Package pdftex.def Info: pictures/results/max_16.png  used on input line 31.
(pdftex.def)             Requested size: 172.5pt x 141.43105pt.
<pictures/results/min_16.png, id=137, 373.1541pt x 306.4248pt>
File: pictures/results/min_16.png Graphic file (type png)
<use pictures/results/min_16.png>
Package pdftex.def Info: pictures/results/min_16.png  used on input line 36.
(pdftex.def)             Requested size: 172.5pt x 141.65378pt.
<pictures/results/min_12.png, id=138, 373.1541pt x 306.4248pt>
File: pictures/results/min_12.png Graphic file (type png)
<use pictures/results/min_12.png>
Package pdftex.def Info: pictures/results/min_12.png  used on input line 38.
(pdftex.def)             Requested size: 172.5pt x 141.65378pt.
[22 <./pictures/results/min_flipp.png> <./pictures/results/max_16.png>]
Underfull \hbox (badness 10000) in paragraph at lines 42--64

 []


Underfull \hbox (badness 10000) in paragraph at lines 42--64

 []


Overfull \hbox (76.49634pt too wide) in paragraph at lines 65--68
\OT1/cmtt/m/n/10 https : / / geodacenter . github . io / data-[]and-[]lab / /co
unty _ election _ 2012 _ 2016-[]variables/$ 
 []


Underfull \hbox (badness 10000) in paragraph at lines 65--68

 []


Overfull \hbox (38.31717pt too wide) in paragraph at lines 70--72
\OT1/cmtt/m/n/7 http : / / www . ryan-[]peach . com / school-[]projects / 2017 
/ 5 / 22 / describing-[]the-[]2016-[]election-[]with-[]machine-[]learning$
 []

[23 <./pictures/results/min_16.png> <./pictures/results/min_12.png>]
<pictures/results/pred.png, id=150, 844.8363pt x 597.432pt>
File: pictures/results/pred.png Graphic file (type png)
<use pictures/results/pred.png>
Package pdftex.def Info: pictures/results/pred.png  used on input line 76.
(pdftex.def)             Requested size: 278.79684pt x 197.15317pt.

Underfull \hbox (badness 10000) in paragraph at lines 73--78

 []

<pictures/results/flipps.png, id=151, 844.8363pt x 597.432pt>
File: pictures/results/flipps.png Graphic file (type png)
<use pictures/results/flipps.png>
Package pdftex.def Info: pictures/results/flipps.png  used on input line 83.
(pdftex.def)             Requested size: 278.79684pt x 197.15317pt.

Underfull \hbox (badness 10000) in paragraph at lines 80--85

 []

[24 <./pictures/results/pred.png> <./pictures/results/flipps.png>]
Underfull \hbox (badness 10000) in paragraph at lines 88--89

 []

<pictures/results/LogReg_Accuracy_train_CV.png, id=157, 587.19376pt x 280.04625
pt>
File: pictures/results/LogReg_Accuracy_train_CV.png Graphic file (type png)
<use pictures/results/LogReg_Accuracy_train_CV.png>
Package pdftex.def Info: pictures/results/LogReg_Accuracy_train_CV.png  used on
 input line 92.
(pdftex.def)             Requested size: 193.77454pt x 92.41554pt.
<pictures/results/SVML_Accuracy_train_CV.png, id=158, 496.85625pt x 280.04625pt
>
File: pictures/results/SVML_Accuracy_train_CV.png Graphic file (type png)
<use pictures/results/SVML_Accuracy_train_CV.png>
Package pdftex.def Info: pictures/results/SVML_Accuracy_train_CV.png  used on i
nput line 98.
(pdftex.def)             Requested size: 163.96306pt x 92.41554pt.
<pictures/results/SVMK_Accuracy_train_CV.png, id=159, 497.86pt x 280.04625pt>
File: pictures/results/SVMK_Accuracy_train_CV.png Graphic file (type png)
<use pictures/results/SVMK_Accuracy_train_CV.png>
Package pdftex.def Info: pictures/results/SVMK_Accuracy_train_CV.png  used on i
nput line 104.
(pdftex.def)             Requested size: 164.2943pt x 92.41554pt.
<pictures/results/BNN_Accuracy_train_CV.png, id=160, 379.4175pt x 283.0575pt>
File: pictures/results/BNN_Accuracy_train_CV.png Graphic file (type png)
<use pictures/results/BNN_Accuracy_train_CV.png>
Package pdftex.def Info: pictures/results/BNN_Accuracy_train_CV.png  used on in
put line 110.
(pdftex.def)             Requested size: 125.20816pt x 93.40926pt.
) [25 <./pictures/results/LogReg_Accuracy_train_CV.png> <./pictures/results/SVM
L_Accuracy_train_CV.png> <./pictures/results/SVMK_Accuracy_train_CV.png> <./pic
tures/results/BNN_Accuracy_train_CV.png>]
Underfull \hbox (badness 10000) in paragraph at lines 41--42
[]\OT1/cmr/m/n/10 Morten Hjorth-Jensen. 2018. Data Anal-y-sis and Ma-chine
 []


Underfull \hbox (badness 10000) in paragraph at lines 41--42
\OT1/cmr/m/n/10 Learn-ing: Lo-gis-tic Re-gres-sion. [ON-LINE] Avail-able at:
 []


Overfull \hbox (51.1676pt too wide) in paragraph at lines 41--42
\OT1/cmr/m/n/10 https://compphysics.github.io/MachineLearning/doc/pub/LogReg/ht
ml/LogReg.html.
 []


Underfull \hbox (badness 10000) in paragraph at lines 42--43
[]\OT1/cmr/m/n/10 Morten Hjorth-Jensen. 2018. Data Anal-y-sis and Ma-
 []


Underfull \hbox (badness 10000) in paragraph at lines 42--43
\OT1/cmr/m/n/10 chine Learn-ing: Neu-ral Net-work. [ON-LINE] Avail-able at:
 []


Overfull \hbox (46.77869pt too wide) in paragraph at lines 42--43
\OT1/cmr/m/n/10 https://compphysics.github.io/MachineLearning/doc/pub/NeuralNet
/pdf/NeuralNet-
 []


Underfull \hbox (badness 6641) in paragraph at lines 44--45
[]\OT1/cmr/m/n/10 Ritchie Ng. 2018. Sup-port Vec-tor Ma-chines [ON-LINE] Avail-
able
 []


Underfull \hbox (badness 10000) in paragraph at lines 44--45
\OT1/cmr/m/n/10 at: https://www.ritchieng.com/machine-learning-svms-support-vec
tor-
 []


Underfull \hbox (badness 10000) in paragraph at lines 45--46
\OML/cmm/m/it/10 ==scikit \OMS/cmsy/m/n/10   \OML/cmm/m/it/10 learn:org=stable=
auto[]xamples=svm=plot[]bf[]arameters:html$
 []

[26] (main.aux)

LaTeX Warning: There were multiply-defined labels.

 ) 
Here is how much of TeX's memory you used:
 4699 strings out of 492973
 74749 string characters out of 3126692
 142086 words of memory out of 3000000
 8435 multiletter control sequences out of 15000+200000
 11344 words of font info for 42 fonts, out of 3000000 for 9000
 1141 hyphenation exceptions out of 8191
 44i,10n,49p,915b,355s stack positions out of 5000i,500n,10000p,200000b,50000s
 <C:\Users\marcu\AppData\Local\MiKTeX\2.9\fonts\pk\ljfour\jknappen\ec\dpi600\
tcrm1000.pk><C:/Users/marcu/AppData/Local/Programs/MiKTeX 2.9/fonts/type1/publi
c/amsfonts/cm/cmbx10.pfb><C:/Users/marcu/AppData/Local/Programs/MiKTeX 2.9/font
s/type1/public/amsfonts/cm/cmbx12.pfb><C:/Users/marcu/AppData/Local/Programs/Mi
KTeX 2.9/fonts/type1/public/amsfonts/cm/cmex10.pfb><C:/Users/marcu/AppData/Loca
l/Programs/MiKTeX 2.9/fonts/type1/public/amsfonts/cm/cmmi10.pfb><C:/Users/marcu
/AppData/Local/Programs/MiKTeX 2.9/fonts/type1/public/amsfonts/cm/cmmi5.pfb><C:
/Users/marcu/AppData/Local/Programs/MiKTeX 2.9/fonts/type1/public/amsfonts/cm/c
mmi7.pfb><C:/Users/marcu/AppData/Local/Programs/MiKTeX 2.9/fonts/type1/public/a
msfonts/cm/cmr10.pfb><C:/Users/marcu/AppData/Local/Programs/MiKTeX 2.9/fonts/ty
pe1/public/amsfonts/cm/cmr12.pfb><C:/Users/marcu/AppData/Local/Programs/MiKTeX 
2.9/fonts/type1/public/amsfonts/cm/cmr17.pfb><C:/Users/marcu/AppData/Local/Prog
rams/MiKTeX 2.9/fonts/type1/public/amsfonts/cm/cmr5.pfb><C:/Users/marcu/AppData
/Local/Programs/MiKTeX 2.9/fonts/type1/public/amsfonts/cm/cmr7.pfb><C:/Users/ma
rcu/AppData/Local/Programs/MiKTeX 2.9/fonts/type1/public/amsfonts/cm/cmr8.pfb><
C:/Users/marcu/AppData/Local/Programs/MiKTeX 2.9/fonts/type1/public/amsfonts/cm
/cmr9.pfb><C:/Users/marcu/AppData/Local/Programs/MiKTeX 2.9/fonts/type1/public/
amsfonts/cm/cmsy10.pfb><C:/Users/marcu/AppData/Local/Programs/MiKTeX 2.9/fonts/
type1/public/amsfonts/cm/cmsy7.pfb><C:/Users/marcu/AppData/Local/Programs/MiKTe
X 2.9/fonts/type1/public/amsfonts/cm/cmti10.pfb><C:/Users/marcu/AppData/Local/P
rograms/MiKTeX 2.9/fonts/type1/public/amsfonts/cm/cmtt10.pfb><C:/Users/marcu/Ap
pData/Local/Programs/MiKTeX 2.9/fonts/type1/public/amsfonts/cm/cmtt8.pfb><C:/Us
ers/marcu/AppData/Local/Programs/MiKTeX 2.9/fonts/type1/public/amsfonts/cm/cmtt
9.pfb>
Output written on main.pdf (26 pages, 5869754 bytes).
PDF statistics:
 235 PDF objects out of 1000 (max. 8388607)
 0 named destinations out of 1000 (max. 500000)
 181 words of extra memory for PDF output out of 10000 (max. 10000000)

